<?xml version="1.0" encoding="UTF-8"?>
<testng-results skipped="0" failed="0" ignored="0" total="1" passed="1">
  <reporter-output>
  </reporter-output>
  <suite name="Suite" duration-ms="30724" started-at="2023-10-25T04:12:46Z" finished-at="2023-10-25T04:13:16Z">
    <groups>
    </groups>
    <test name="Test" duration-ms="30724" started-at="2023-10-25T04:12:46Z" finished-at="2023-10-25T04:13:16Z">
      <class name="test.orangeHRM">
        <test-method status="PASS" signature="LaunchApp()[pri:0, instance:test.orangeHRM@26be92ad]" name="LaunchApp" is-config="true" duration-ms="10208" started-at="2023-10-24T21:12:46Z" finished-at="2023-10-24T21:12:56Z">
          <reporter-output>
          </reporter-output>
        </test-method> <!-- LaunchApp -->
        <test-method status="PASS" signature="verifyLoginfeature()[pri:0, instance:test.orangeHRM@26be92ad]" name="verifyLoginfeature" duration-ms="14850" started-at="2023-10-24T21:12:56Z" finished-at="2023-10-24T21:13:11Z">
          <reporter-output>
          </reporter-output>
        </test-method> <!-- verifyLoginfeature -->
        <test-method status="PASS" signature="CloseApp()[pri:0, instance:test.orangeHRM@26be92ad]" name="CloseApp" is-config="true" duration-ms="5635" started-at="2023-10-24T21:13:11Z" finished-at="2023-10-24T21:13:16Z">
          <reporter-output>
          </reporter-output>
        </test-method> <!-- CloseApp -->
      </class> <!-- test.orangeHRM -->
    </test> <!-- Test -->
  </suite> <!-- Suite -->
</testng-results>
